#
# There is insufficient memory for the Java Runtime Environment to continue.
# Native memory allocation (malloc) failed to allocate 32744 bytes for ChunkPool::allocate
# Possible reasons:
#   The system is out of physical RAM or swap space
#   In 32 bit mode, the process size limit was hit
# Possible solutions:
#   Reduce memory load on the system
#   Increase physical memory or swap space
#   Check if swap backing store is full
#   Use 64 bit Java on a 64 bit OS
#   Decrease Java heap size (-Xmx/-Xms)
#   Decrease number of Java threads
#   Decrease Java thread stack sizes (-Xss)
#   Set larger code cache with -XX:ReservedCodeCacheSize=
# This output file may be truncated or incomplete.
#
#  Out of Memory Error (allocation.cpp:211), pid=11908, tid=9312
#
# JRE version: Java(TM) SE Runtime Environment (7.0_55-b13) (build 1.7.0_55-b13)
# Java VM: Java HotSpot(TM) 64-Bit Server VM (24.55-b03 mixed mode windows-amd64 compressed oops)
# Failed to write core dump. Minidumps are not enabled by default on client versions of Windows
#

---------------  T H R E A D  ---------------

Current thread (0x000000000a4c9000):  JavaThread "C2 CompilerThread1" daemon [_thread_in_native, id=9312, stack(0x000000000bb40000,0x000000000bc40000)]

Stack: [0x000000000bb40000,0x000000000bc40000]

Current CompileTask:
C2:  46836  237             org.eclipse.swt.widgets.Display::readAndDispatch (101 bytes)


---------------  P R O C E S S  ---------------

Java Threads: ( => current thread )
  0x000000000eb03800 JavaThread "pool-1-thread-1" [_thread_blocked, id=10400, stack(0x000000000f930000,0x000000000fa30000)]
  0x000000000a4cc000 JavaThread "Service Thread" daemon [_thread_blocked, id=9676, stack(0x000000000bc40000,0x000000000bd40000)]
=>0x000000000a4c9000 JavaThread "C2 CompilerThread1" daemon [_thread_in_native, id=9312, stack(0x000000000bb40000,0x000000000bc40000)]
  0x000000000a4c7000 JavaThread "C2 CompilerThread0" daemon [_thread_blocked, id=10780, stack(0x000000000ba40000,0x000000000bb40000)]
  0x000000000a4c6000 JavaThread "Attach Listener" daemon [_thread_blocked, id=12052, stack(0x000000000b940000,0x000000000ba40000)]
  0x000000000a4c3000 JavaThread "Signal Dispatcher" daemon [_thread_blocked, id=12184, stack(0x000000000b840000,0x000000000b940000)]
  0x000000000a47c800 JavaThread "Finalizer" daemon [_thread_blocked, id=11928, stack(0x000000000b740000,0x000000000b840000)]
  0x000000000a472800 JavaThread "Reference Handler" daemon [_thread_blocked, id=12060, stack(0x000000000b640000,0x000000000b740000)]
  0x00000000020e2800 JavaThread "main" [_thread_in_Java, id=10876, stack(0x0000000001fe0000,0x00000000020e0000)]

Other Threads:
  0x000000000a470800 VMThread [stack: 0x000000000b540000,0x000000000b640000] [id=11524]
  0x000000000a4eb800 WatcherThread [stack: 0x000000000bd40000,0x000000000be40000] [id=12116]

VM state:not at safepoint (normal execution)

VM Mutex/Monitor currently owned by a thread: None

Heap
 PSYoungGen      total 38400K, used 8519K [0x00000007d5880000, 0x00000007d8300000, 0x0000000800000000)
  eden space 33280K, 10% used [0x00000007d5880000,0x00000007d5bd60d0,0x00000007d7900000)
  from space 5120K, 99% used [0x00000007d7900000,0x00000007d7dfbb80,0x00000007d7e00000)
  to   space 5120K, 0% used [0x00000007d7e00000,0x00000007d7e00000,0x00000007d8300000)
 ParOldGen       total 86528K, used 8108K [0x0000000780a00000, 0x0000000785e80000, 0x00000007d5880000)
  object space 86528K, 9% used [0x0000000780a00000,0x00000007811eb370,0x0000000785e80000)
 PSPermGen       total 23552K, used 23140K [0x000000077b800000, 0x000000077cf00000, 0x0000000780a00000)
  object space 23552K, 98% used [0x000000077b800000,0x000000077ce99260,0x000000077cf00000)

Card table byte_map: [0x00000000051e0000,0x0000000005610000] byte_map_base: 0x0000000001604000

Polling page: 0x0000000000400000

Code Cache  [0x00000000021e0000, 0x0000000002450000, 0x00000000051e0000)
 total_blobs=841 nmethods=229 adapters=563 free_code_cache=47920Kb largest_free_block=49036480

Compilation events (10 events):
Event: 46.650 Thread 0x000000000a4c9000 nmethod 234 0x0000000002314090 code [0x0000000002314220, 0x0000000002314530]
Event: 46.675 Thread 0x000000000a4c7000  235             org.eclipse.swt.internal.win32.OS::PeekMessage (28 bytes)
Event: 46.675 Thread 0x000000000a4c7000 nmethod 235 0x0000000002317c10 code [0x0000000002317d60, 0x0000000002317dc8]
Event: 46.786 Thread 0x000000000a4c9000  237             org.eclipse.swt.widgets.Display::readAndDispatch (101 bytes)
Event: 46.786 Thread 0x000000000a4c7000  238             org.eclipse.swt.widgets.Display::drawMenuBars (53 bytes)
Event: 46.787 Thread 0x000000000a4c7000 nmethod 238 0x0000000002317950 code [0x0000000002317a80, 0x0000000002317af8]
Event: 46.787 Thread 0x000000000a4c7000  239             org.eclipse.swt.widgets.Display::runDeferredLayouts (63 bytes)
Event: 46.789 Thread 0x000000000a4c7000 nmethod 239 0x00000000023165d0 code [0x0000000002316720, 0x0000000002316898]
Event: 46.789 Thread 0x000000000a4c7000  240             org.eclipse.swt.widgets.Display::runPopups (91 bytes)
Event: 46.790 Thread 0x000000000a4c7000 nmethod 240 0x0000000002316390 code [0x00000000023164c0, 0x0000000002316538]

GC Heap History (6 events):
Event: 0.863 GC heap before
{Heap before GC invocations=1 (full 0):
 PSYoungGen      total 38400K, used 33280K [0x00000007d5880000, 0x00000007d8300000, 0x0000000800000000)
  eden space 33280K, 100% used [0x00000007d5880000,0x00000007d7900000,0x00000007d7900000)
  from space 5120K, 0% used [0x00000007d7e00000,0x00000007d7e00000,0x00000007d8300000)
  to   space 5120K, 0% used [0x00000007d7900000,0x00000007d7900000,0x00000007d7e00000)
 ParOldGen       total 86528K, used 0K [0x0000000780a00000, 0x0000000785e80000, 0x00000007d5880000)
  object space 86528K, 0% used [0x0000000780a00000,0x0000000780a00000,0x0000000785e80000)
 PSPermGen       total 21504K, used 7096K [0x000000077b800000, 0x000000077cd00000, 0x0000000780a00000)
  object space 21504K, 33% used [0x000000077b800000,0x000000077beee170,0x000000077cd00000)
Event: 0.866 GC heap after
Heap after GC invocations=1 (full 0):
 PSYoungGen      total 38400K, used 4076K [0x00000007d5880000, 0x00000007d8300000, 0x0000000800000000)
  eden space 33280K, 0% used [0x00000007d5880000,0x00000007d5880000,0x00000007d7900000)
  from space 5120K, 79% used [0x00000007d7900000,0x00000007d7cfb028,0x00000007d7e00000)
  to   space 5120K, 0% used [0x00000007d7e00000,0x00000007d7e00000,0x00000007d8300000)
 ParOldGen       total 86528K, used 8K [0x0000000780a00000, 0x0000000785e80000, 0x00000007d5880000)
  object space 86528K, 0% used [0x0000000780a00000,0x0000000780a02000,0x0000000785e80000)
 PSPermGen       total 21504K, used 7096K [0x000000077b800000, 0x000000077cd00000, 0x0000000780a00000)
  object space 21504K, 33% used [0x000000077b800000,0x000000077beee170,0x000000077cd00000)
}
Event: 1.647 GC heap before
{Heap before GC invocations=2 (full 0):
 PSYoungGen      total 38400K, used 37356K [0x00000007d5880000, 0x00000007d8300000, 0x0000000800000000)
  eden space 33280K, 100% used [0x00000007d5880000,0x00000007d7900000,0x00000007d7900000)
  from space 5120K, 79% used [0x00000007d7900000,0x00000007d7cfb028,0x00000007d7e00000)
  to   space 5120K, 0% used [0x00000007d7e00000,0x00000007d7e00000,0x00000007d8300000)
 ParOldGen       total 86528K, used 8K [0x0000000780a00000, 0x0000000785e80000, 0x00000007d5880000)
  object space 86528K, 0% used [0x0000000780a00000,0x0000000780a02000,0x0000000785e80000)
 PSPermGen       total 21504K, used 17169K [0x000000077b800000, 0x000000077cd00000, 0x0000000780a00000)
  object space 21504K, 79% used [0x000000077b800000,0x000000077c8c4460,0x000000077cd00000)
Event: 1.654 GC heap after
Heap after GC invocations=2 (full 0):
 PSYoungGen      total 38400K, used 5097K [0x00000007d5880000, 0x00000007d8300000, 0x0000000800000000)
  eden space 33280K, 0% used [0x00000007d5880000,0x00000007d5880000,0x00000007d7900000)
  from space 5120K, 99% used [0x00000007d7e00000,0x00000007d82fa518,0x00000007d8300000)
  to   space 5120K, 0% used [0x00000007d7900000,0x00000007d7900000,0x00000007d7e00000)
 ParOldGen       total 86528K, used 3729K [0x0000000780a00000, 0x0000000785e80000, 0x00000007d5880000)
  object space 86528K, 4% used [0x0000000780a00000,0x0000000780da4708,0x0000000785e80000)
 PSPermGen       total 21504K, used 17169K [0x000000077b800000, 0x000000077cd00000, 0x0000000780a00000)
  object space 21504K, 79% used [0x000000077b800000,0x000000077c8c4460,0x000000077cd00000)
}
Event: 4.172 GC heap before
{Heap before GC invocations=3 (full 0):
 PSYoungGen      total 38400K, used 38377K [0x00000007d5880000, 0x00000007d8300000, 0x0000000800000000)
  eden space 33280K, 100% used [0x00000007d5880000,0x00000007d7900000,0x00000007d7900000)
  from space 5120K, 99% used [0x00000007d7e00000,0x00000007d82fa518,0x00000007d8300000)
  to   space 5120K, 0% used [0x00000007d7900000,0x00000007d7900000,0x00000007d7e00000)
 ParOldGen       total 86528K, used 3729K [0x0000000780a00000, 0x0000000785e80000, 0x00000007d5880000)
  object space 86528K, 4% used [0x0000000780a00000,0x0000000780da4708,0x0000000785e80000)
 PSPermGen       total 23040K, used 22680K [0x000000077b800000, 0x000000077ce80000, 0x0000000780a00000)
  object space 23040K, 98% used [0x000000077b800000,0x000000077ce26070,0x000000077ce80000)
Event: 4.179 GC heap after
Heap after GC invocations=3 (full 0):
 PSYoungGen      total 38400K, used 5102K [0x00000007d5880000, 0x00000007d8300000, 0x0000000800000000)
  eden space 33280K, 0% used [0x00000007d5880000,0x00000007d5880000,0x00000007d7900000)
  from space 5120K, 99% used [0x00000007d7900000,0x00000007d7dfbb80,0x00000007d7e00000)
  to   space 5120K, 0% used [0x00000007d7e00000,0x00000007d7e00000,0x00000007d8300000)
 ParOldGen       total 86528K, used 8108K [0x0000000780a00000, 0x0000000785e80000, 0x00000007d5880000)
  object space 86528K, 9% used [0x0000000780a00000,0x00000007811eb370,0x0000000785e80000)
 PSPermGen       total 23040K, used 22680K [0x000000077b800000, 0x000000077ce80000, 0x0000000780a00000)
  object space 23040K, 98% used [0x000000077b800000,0x000000077ce26070,0x000000077ce80000)
}

Deoptimization events (10 events):
Event: 1.190 Thread 0x00000000020e2800 Uncommon trap: reason=class_check action=maybe_recompile pc=0x0000000002272278 method=java.util.HashMap.put(Ljava/lang/Object;Ljava/lang/Object;)Ljava/lang/Object; @ 105
Event: 1.258 Thread 0x00000000020e2800 Uncommon trap: reason=unreached action=reinterpret pc=0x00000000022774d0 method=java.util.HashMap.getEntry(Ljava/lang/Object;)Ljava/util/HashMap$Entry; @ 10
Event: 1.491 Thread 0x00000000020e2800 Uncommon trap: reason=predicate action=maybe_recompile pc=0x00000000022d6324 method=java.util.TreeMap.put(Ljava/lang/Object;Ljava/lang/Object;)Ljava/lang/Object; @ 132
Event: 1.534 Thread 0x00000000020e2800 Uncommon trap: reason=unreached action=reinterpret pc=0x00000000022860ec method=java.util.HashMap.get(Ljava/lang/Object;)Ljava/lang/Object; @ 1
Event: 1.820 Thread 0x00000000020e2800 Uncommon trap: reason=class_check action=maybe_recompile pc=0x0000000002272278 method=java.util.HashMap.put(Ljava/lang/Object;Ljava/lang/Object;)Ljava/lang/Object; @ 105
Event: 1.820 Thread 0x00000000020e2800 Uncommon trap: reason=class_check action=maybe_recompile pc=0x0000000002272278 method=java.util.HashMap.put(Ljava/lang/Object;Ljava/lang/Object;)Ljava/lang/Object; @ 105
Event: 4.126 Thread 0x00000000020e2800 Uncommon trap: reason=class_check action=maybe_recompile pc=0x00000000022a6ca0 method=java.util.regex.Pattern$Start.match(Ljava/util/regex/Matcher;ILjava/lang/CharSequence;)Z @ 44
Event: 4.128 Thread 0x00000000020e2800 Uncommon trap: reason=class_check action=maybe_recompile pc=0x00000000022a6ca0 method=java.util.regex.Pattern$Start.match(Ljava/util/regex/Matcher;ILjava/lang/CharSequence;)Z @ 44
Event: 4.143 Thread 0x00000000020e2800 Uncommon trap: reason=class_check action=maybe_recompile pc=0x00000000022a6ca0 method=java.util.regex.Pattern$Start.match(Ljava/util/regex/Matcher;ILjava/lang/CharSequence;)Z @ 44
Event: 4.144 Thread 0x00000000020e2800 Uncommon trap: reason=class_check action=maybe_recompile pc=0x00000000022a6ca0 method=java.util.regex.Pattern$Start.match(Ljava/util/regex/Matcher;ILjava/lang/CharSequence;)Z @ 44

Internal exceptions (10 events):
Event: 7.523 Thread 0x00000000020e2800 Threw 0x00000007d5a6b7d0 at C:\re\jdk7u55\869\hotspot\src\share\vm\prims\jvm.cpp:1244
Event: 7.523 Thread 0x00000000020e2800 Threw 0x00000007d5a6fe98 at C:\re\jdk7u55\869\hotspot\src\share\vm\prims\jvm.cpp:1244
Event: 7.523 Thread 0x00000000020e2800 Threw 0x00000007d5a73d20 at C:\re\jdk7u55\869\hotspot\src\share\vm\prims\jvm.cpp:1244
Event: 7.523 Thread 0x00000000020e2800 Threw 0x00000007d5a74708 at C:\re\jdk7u55\869\hotspot\src\share\vm\prims\jvm.cpp:1244
Event: 7.524 Thread 0x00000000020e2800 Threw 0x00000007d5a78498 at C:\re\jdk7u55\869\hotspot\src\share\vm\prims\jvm.cpp:1244
Event: 7.524 Thread 0x00000000020e2800 Threw 0x00000007d5a79500 at C:\re\jdk7u55\869\hotspot\src\share\vm\prims\jvm.cpp:1244
Event: 7.524 Thread 0x00000000020e2800 Threw 0x00000007d5a7d388 at C:\re\jdk7u55\869\hotspot\src\share\vm\prims\jvm.cpp:1244
Event: 7.524 Thread 0x00000000020e2800 Threw 0x00000007d5a7dd70 at C:\re\jdk7u55\869\hotspot\src\share\vm\prims\jvm.cpp:1244
Event: 7.524 Thread 0x00000000020e2800 Threw 0x00000007d5a81b00 at C:\re\jdk7u55\869\hotspot\src\share\vm\prims\jvm.cpp:1244
Event: 7.567 Thread 0x00000000020e2800 Threw 0x00000007d5a84ea8 at C:\re\jdk7u55\869\hotspot\src\share\vm\prims\jvm.cpp:1244

Events (10 events):
Event: 7.523 loading class 0x000000000c34cf00 done
Event: 7.523 loading class 0x000000000c34e800
Event: 7.523 loading class 0x000000000c34e800 done
Event: 7.524 loading class 0x000000000c34cf00
Event: 7.524 loading class 0x000000000c34cf00 done
Event: 7.524 loading class 0x000000000c34e800
Event: 7.524 loading class 0x000000000c34e800 done
Event: 7.567 loading class 0x000000000c4fed40
Event: 7.567 loading class 0x000000000c4fed40 done
Event: 46.790 Thread 0x000000000a4c7000 flushing nmethod 0x0000000002277190


Dynamic libraries:
0x000007f630a20000 - 0x000007f630a53000 	C:\Program Files\Java\jre7\bin\javaw.exe
0x000007fde4fa0000 - 0x000007fde515e000 	C:\Windows\SYSTEM32\ntdll.dll
0x000007fde4800000 - 0x000007fde4937000 	C:\Windows\system32\KERNEL32.DLL
0x000007fde2260000 - 0x000007fde2354000 	C:\Windows\system32\KERNELBASE.dll
0x000007fde4d50000 - 0x000007fde4e2e000 	C:\Windows\system32\ADVAPI32.dll
0x000007fde46b0000 - 0x000007fde47fc000 	C:\Windows\system32\USER32.dll
0x000007fddff60000 - 0x000007fde01ca000 	C:\Windows\WinSxS\amd64_microsoft.windows.common-controls_6595b64144ccf1df_6.0.9200.16579_none_418ab7ef718b27ef\COMCTL32.dll
0x000007fde4320000 - 0x000007fde43c5000 	C:\Windows\system32\msvcrt.dll
0x000007fde4d00000 - 0x000007fde4d48000 	C:\Windows\SYSTEM32\sechost.dll
0x000007fde2d70000 - 0x000007fde2eb5000 	C:\Windows\system32\RPCRT4.dll
0x000007fde23f0000 - 0x000007fde2531000 	C:\Windows\system32\GDI32.dll
0x000007fde2860000 - 0x000007fde2899000 	C:\Windows\system32\IMM32.DLL
0x000007fde2a40000 - 0x000007fde2b56000 	C:\Windows\system32\MSCTF.dll
0x0000000060bc0000 - 0x0000000060c92000 	C:\Program Files\Java\jre7\bin\msvcr100.dll
0x00000000603f0000 - 0x0000000060bb9000 	C:\Program Files\Java\jre7\bin\server\jvm.dll
0x000007fddde20000 - 0x000007fddde29000 	C:\Windows\SYSTEM32\WSOCK32.dll
0x000007fddd940000 - 0x000007fddd960000 	C:\Windows\SYSTEM32\WINMM.dll
0x000007fde4940000 - 0x000007fde4947000 	C:\Windows\system32\PSAPI.DLL
0x000007fde2b60000 - 0x000007fde2bb8000 	C:\Windows\system32\WS2_32.dll
0x000007fddd650000 - 0x000007fddd683000 	C:\Windows\SYSTEM32\WINMMBASE.dll
0x000007fde2380000 - 0x000007fde2389000 	C:\Windows\system32\NSI.dll
0x000007fde1ef0000 - 0x000007fde1f3f000 	C:\Windows\SYSTEM32\cfgmgr32.dll
0x000007fde2180000 - 0x000007fde21a2000 	C:\Windows\system32\DEVOBJ.dll
0x00000000603e0000 - 0x00000000603ef000 	C:\Program Files\Java\jre7\bin\verify.dll
0x00000000603b0000 - 0x00000000603d8000 	C:\Program Files\Java\jre7\bin\java.dll
0x0000000060390000 - 0x00000000603a5000 	C:\Program Files\Java\jre7\bin\zip.dll
0x0000000010000000 - 0x00000000100a8000 	C:\Users\alseep_zhang\.swt\lib\win32\x86_64\swt-win32-4430.dll
0x000007fde4950000 - 0x000007fde4ace000 	C:\Windows\system32\ole32.dll
0x000007fde4250000 - 0x000007fde4313000 	C:\Windows\system32\OLEAUT32.dll
0x000007fde2740000 - 0x000007fde27e1000 	C:\Windows\system32\comdlg32.dll
0x000007fddd8b0000 - 0x000007fddd92d000 	C:\Windows\SYSTEM32\WINSPOOL.DRV
0x000007fde2f70000 - 0x000007fde4250000 	C:\Windows\system32\SHELL32.dll
0x000007fdd9cf0000 - 0x000007fdd9d06000 	C:\Windows\SYSTEM32\USP10.dll
0x000007fde4ad0000 - 0x000007fde4cfc000 	C:\Windows\system32\WININET.dll
0x000007fde1f40000 - 0x000007fde2111000 	C:\Windows\system32\CRYPT32.dll
0x000007fde4660000 - 0x000007fde46b0000 	C:\Windows\system32\SHLWAPI.dll
0x000007fde2bc0000 - 0x000007fde2d70000 	C:\Windows\SYSTEM32\combase.dll
0x000007fde43d0000 - 0x000007fde465e000 	C:\Windows\system32\iertutil.dll
0x000007fde2360000 - 0x000007fde237f000 	C:\Windows\system32\USERENV.dll
0x000007fde1ed0000 - 0x000007fde1ee6000 	C:\Windows\system32\MSASN1.dll
0x000007fde1eb0000 - 0x000007fde1ec5000 	C:\Windows\system32\profapi.dll
0x000007fde1000000 - 0x000007fde1095000 	C:\Windows\SYSTEM32\SHCORE.DLL
0x000007fde0c60000 - 0x000007fde0d46000 	C:\Windows\system32\uxtheme.dll
0x0000000180000000 - 0x0000000180014000 	f:\쬃톻\kingsoft antivirus\kwsui64.dll
0x000007fde03b0000 - 0x000007fde03d1000 	C:\Windows\SYSTEM32\dwmapi.dll
0x000007fde1c60000 - 0x000007fde1c6a000 	C:\Windows\SYSTEM32\CRYPTBASE.dll
0x000007fde1c00000 - 0x000007fde1c5c000 	C:\Windows\SYSTEM32\bcryptPrimitives.dll
0x0000000060370000 - 0x0000000060389000 	C:\Program Files\Java\jre7\bin\net.dll
0x000007fde0ed0000 - 0x000007fde0ee6000 	C:\Windows\system32\PrxerDrv.dll
0x000007fde1670000 - 0x000007fde16cc000 	C:\Windows\system32\mswsock.dll
0x0000000060350000 - 0x0000000060361000 	C:\Program Files\Java\jre7\bin\nio.dll
0x000007fde16d0000 - 0x000007fde16ea000 	C:\Windows\SYSTEM32\CRYPTSP.dll
0x000007fde1370000 - 0x000007fde13bb000 	C:\Windows\system32\rsaenh.dll
0x000007fddee90000 - 0x000007fddeeba000 	C:\Windows\SYSTEM32\IPHLPAPI.DLL
0x000007fddee20000 - 0x000007fddee2a000 	C:\Windows\SYSTEM32\WINNSI.DLL
0x000007fdde310000 - 0x000007fdde323000 	C:\Windows\SYSTEM32\dhcpcsvc6.DLL
0x000007fdde2f0000 - 0x000007fdde308000 	C:\Windows\SYSTEM32\dhcpcsvc.DLL
0x000007fde2ec0000 - 0x000007fde2f56000 	C:\Windows\SYSTEM32\clbcatq.dll
0x000007fdd57d0000 - 0x000007fdd585d000 	C:\Windows\system32\SogouTSF.ime
0x000007fddf220000 - 0x000007fddf229000 	C:\Windows\system32\VERSION.dll
0x000007fddd930000 - 0x000007fddd937000 	C:\Windows\system32\MSIMG32.dll
0x000007fddf920000 - 0x000007fddf94e000 	C:\Windows\SYSTEM32\ntmarta.dll
0x000007fdd2b90000 - 0x000007fdd331b000 	C:\Windows\system32\SogouPy.ime
0x000007fddd840000 - 0x000007fddd8a9000 	C:\Windows\SYSTEM32\OLEACC.dll
0x0000000013b90000 - 0x0000000013c54000 	F:\홏윺SogouInput\7.4.0.4266\Resource.dll
0x000007fdd2b10000 - 0x000007fdd2b86000 	F:\홏윺SogouInput\Components\AddressSearch\1.0.0.1233\AddressSearch64.dll
0x00000000143d0000 - 0x00000000143e3000 	F:\햣챲퉛駑Dict\6.2.54.2064\WordStrokeHelper64.dll
0x000007fdd7ba0000 - 0x000007fdd7bee000 	F:\홏윺SogouInput\Components\SGImeGuard\1.0.0.27\SGImeGuard64.dll
0x000007fdd2950000 - 0x000007fdd2b01000 	F:\홏윺SogouInput\Components\PicFace\1.0.0.1112\PicFace64.dll
0x000007fdd76c0000 - 0x000007fdd76ea000 	F:\홏윺SogouInput\Components\SgAppender\1.0.0.207\SgAppender_Dll64.dll
0x000007fdd6940000 - 0x000007fdd69f0000 	C:\Windows\System32\twinapi.dll
0x000007fdd6730000 - 0x000007fdd6940000 	C:\Windows\System32\actxprxy.dll
0x000007fdd70a0000 - 0x000007fdd71d3000 	C:\Windows\system32\IME\IMESC\IMSCTIP.DLL
0x000007fdde010000 - 0x000007fdde16a000 	C:\Windows\SYSTEM32\PROPSYS.dll
0x000007fdd64b0000 - 0x000007fdd6576000 	C:\Windows\System32\IME\shared\imetip.dll
0x000007fde03e0000 - 0x000007fde0599000 	C:\Windows\SYSTEM32\DUI70.dll
0x000007fdd97c0000 - 0x000007fdd97f4000 	C:\Windows\system32\IME\IMESC\IMSCCFG.DLL
0x000007fdd33f0000 - 0x000007fdd3505000 	C:\Windows\system32\IME\IMESC\IMSCCORE.DLL
0x000007fdcdbe0000 - 0x000007fdcdd0a000 	C:\Windows\System32\IME\shared\mscand20.dll
0x000007fddfb50000 - 0x000007fddfc07000 	C:\Windows\SYSTEM32\DUser.dll
0x000007fde1bd0000 - 0x000007fde1bfd000 	C:\Windows\SYSTEM32\SspiCli.dll
0x000007fdd8c70000 - 0x000007fdd8cb6000 	C:\Windows\System32\IME\SHARED\imelm.dll

VM Arguments:
jvm_args: -Dfile.encoding=UTF-8 
java_command: org.bme.etms.baseInfoM.view.Glyxxb
Launcher Type: SUN_STANDARD

Environment Variables:
JAVA_HOME=C:\Program Files\Java\jdk1.7.0_55
CLASSPATH=.;C:\Program Files\Java\jdk1.7.0_55/lib/dt.jar;C:\Program Files\Java\jdk1.7.0_55/lib/tools.jar
PATH=F:\app\alseep_zhang\product\11.2.0\client_1\bin;C:\Windows\system32;C:\Windows;C:\Windows\System32\Wbem;C:\Windows\System32\WindowsPowerShell\v1.0\;C:\Program Files\Java\jdk1.7.0_55/bin;C:\Program Files\Java\jdk1.7.0_55/jre/bin;C:\Program Files\apache-maven-3.2.1\bin;C:\Program Files\TortoiseSVN\bin;C:\Program Files (x86)\Windows Kits\8.1\Windows Performance Toolkit\;C:\Program Files\Microsoft SQL Server\110\Tools\Binn\
USERNAME=alseep_zhang
OS=Windows_NT
PROCESSOR_IDENTIFIER=Intel64 Family 6 Model 58 Stepping 9, GenuineIntel



---------------  S Y S T E M  ---------------

OS: Windows 8 , 64 bit Build 9200 

CPU:total 4 (4 cores per cpu, 1 threads per core) family 6 model 58 stepping 9, cmov, cx8, fxsr, mmx, sse, sse2, sse3, ssse3, sse4.1, sse4.2, popcnt, avx, aes, erms, tsc, tscinvbit, tscinv

Memory: 4k page, physical 8343252k(4133228k free), swap 8343252k(4624k free)

vm_info: Java HotSpot(TM) 64-Bit Server VM (24.55-b03) for windows-amd64 JRE (1.7.0_55-b13), built on Mar 17 2014 19:45:30 by "java_re" with unknown MS VC++:1600

time: Wed Nov 19 14:06:04 2014
elapsed time: 46 seconds

